#
# There is insufficient memory for the Java Runtime Environment to continue.
# Native memory allocation (mmap) failed to map 163577856 bytes for Failed to commit area from 0x00000000c9c00000 to 0x00000000d3800000 of length 163577856.
# Possible reasons:
#   The system is out of physical RAM or swap space
#   The process is running with CompressedOops enabled, and the Java Heap may be blocking the growth of the native heap
# Possible solutions:
#   Reduce memory load on the system
#   Increase physical memory or swap space
#   Check if swap backing store is full
#   Decrease Java heap size (-Xmx/-Xms)
#   Decrease number of Java threads
#   Decrease Java thread stack sizes (-Xss)
#   Set larger code cache with -XX:ReservedCodeCacheSize=
#   JVM is running with Unscaled Compressed Oops mode in which the Java heap is
#     placed in the first 4GB address space. The Java Heap base address is the
#     maximum limit for the native heap growth. Please use -XX:HeapBaseMinAddress
#     to set the Java Heap base and to place the Java Heap above 4GB virtual address.
# This output file may be truncated or incomplete.
#
#  Out of Memory Error (c:/cygwin64/tmp/openjdk-jdk11u-windows-x64-hotspot/workspace/build/src/src/hotspot/os/windows/os_windows.cpp:3296), pid=14244, tid=9436
#
# JRE version: OpenJDK Runtime Environment (11.0.6+10) (build 11.0.6+10)
# Java VM: OpenJDK 64-Bit Server VM (11.0.6+10, mixed mode, tiered, compressed oops, g1 gc, windows-amd64)
# No core dump will be written. Minidumps are not enabled by default on client versions of Windows
#

---------------  S U M M A R Y ------------

Command Line: --add-modules=ALL-SYSTEM --add-opens=java.base/java.util=ALL-UNNAMED --add-opens=java.base/java.lang=ALL-UNNAMED -Declipse.application=org.eclipse.jdt.ls.core.id1 -Dosgi.bundles.defaultStartLevel=4 -Declipse.product=org.eclipse.jdt.ls.core.product -Dfile.encoding=utf8 -DwatchParentProcess=false -Xmx1G -XX:+UseG1GC -XX:+UseStringDeduplication -Xverify:none c:\Users\Taidgh\.vscode\extensions\redhat.java-0.57.0\server\plugins\org.eclipse.equinox.launcher_1.5.700.v20200207-2156.jar -configuration c:\Users\Taidgh\.vscode\extensions\redhat.java-0.57.0\server\config_win -data c:\Users\Taidgh\AppData\Roaming\Code\User\workspaceStorage\5e185759e8cb8ba87df55786e1b022b7\redhat.java\jdt_ws

Host: Intel(R) Celeron(R) CPU N3450 @ 1.10GHz, 4 cores, 5G,  Windows 10 , 64 bit Build 18362 (10.0.18362.329)
Time: Thu Mar  5 10:45:29 2020 GMT Standard Time elapsed time: 68 seconds (0d 0h 1m 8s)

---------------  T H R E A D  ---------------

Current thread (0x0000029b5616a000):  VMThread "VM Thread" [stack: 0x000000c2c0700000,0x000000c2c0800000] [id=9436]

Stack: [0x000000c2c0700000,0x000000c2c0800000]
[error occurred during error reporting (printing stack bounds), id 0xc0000005, EXCEPTION_ACCESS_VIOLATION (0xc0000005) at pc=0x0000029b426b0dbd]

Native frames: (J=compiled Java code, j=interpreted, Vv=VM code, C=native code)
V  [jvm.dll+0x5db25a]
V  [jvm.dll+0x7111de]
V  [jvm.dll+0x712877]
V  [jvm.dll+0x712ea5]
V  [jvm.dll+0x712e5b]
V  [jvm.dll+0x5da853]
V  [jvm.dll+0x5daf08]
C  [ntdll.dll+0xa121f]
C  [ntdll.dll+0x6a289]
C  [ntdll.dll+0x9fe8e]
C  0x0000029b426b0dbd

VM_Operation (0x000000c2c18fc7f0): G1CollectForAllocation, mode: safepoint, requested by thread 0x0000029b58055800


---------------  P R O C E S S  ---------------

Threads class SMR info:
_java_thread_list=0x0000029b588cd630, length=27, elements={
0x0000029b3a05c800, 0x0000029b5616e000, 0x0000029b561b8800, 0x0000029b561cf800,
0x0000029b56ae1800, 0x0000029b56aec000, 0x0000029b561d1800, 0x0000029b561da800,
0x0000029b56c9c800, 0x0000029b56d56000, 0x0000029b56dcf800, 0x0000029b56e01000,
0x0000029b56e01800, 0x0000029b57e39000, 0x0000029b57f66000, 0x0000029b58055800,
0x0000029b57f31800, 0x0000029b576d8800, 0x0000029b5a2b6000, 0x0000029b5a3cf000,
0x0000029b5a3d2000, 0x0000029b5a3ce000, 0x0000029b5a3d1800, 0x0000029b5a3cf800,
0x0000029b5a3d0800, 0x0000029b5a3cd800, 0x0000029b5a3d3000
}

Java Threads: ( => current thread )
  0x0000029b3a05c800 JavaThread "main" [_thread_blocked, id=14976, stack(0x000000c2c0000000,0x000000c2c0100000)]
  0x0000029b5616e000 JavaThread "Reference Handler" daemon [_thread_blocked, id=12620, stack(0x000000c2c0800000,0x000000c2c0900000)]
  0x0000029b561b8800 JavaThread "Finalizer" daemon [_thread_blocked, id=6072, stack(0x000000c2c0900000,0x000000c2c0a00000)]
  0x0000029b561cf800 JavaThread "Signal Dispatcher" daemon [_thread_blocked, id=10688, stack(0x000000c2c0a00000,0x000000c2c0b00000)]
  0x0000029b56ae1800 JavaThread "Attach Listener" daemon [_thread_blocked, id=14412, stack(0x000000c2c0b00000,0x000000c2c0c00000)]
  0x0000029b56aec000 JavaThread "C2 CompilerThread0" daemon [_thread_blocked, id=4748, stack(0x000000c2c0c00000,0x000000c2c0d00000)]
  0x0000029b561d1800 JavaThread "C1 CompilerThread0" daemon [_thread_blocked, id=13468, stack(0x000000c2c0d00000,0x000000c2c0e00000)]
  0x0000029b561da800 JavaThread "Sweeper thread" daemon [_thread_blocked, id=8792, stack(0x000000c2c0e00000,0x000000c2c0f00000)]
  0x0000029b56c9c800 JavaThread "Common-Cleaner" daemon [_thread_blocked, id=10248, stack(0x000000c2c0f00000,0x000000c2c1000000)]
  0x0000029b56d56000 JavaThread "Service Thread" daemon [_thread_blocked, id=11244, stack(0x000000c2c1000000,0x000000c2c1100000)]
  0x0000029b56dcf800 JavaThread "Active Thread: Equinox Container: 2fcf2bf0-58ee-4893-bf58-b8b7ac7f4fb7" [_thread_blocked, id=7368, stack(0x000000c2c1300000,0x000000c2c1400000)]
  0x0000029b56e01000 JavaThread "Framework Event Dispatcher: Equinox Container: 2fcf2bf0-58ee-4893-bf58-b8b7ac7f4fb7" daemon [_thread_blocked, id=7596, stack(0x000000c2c1400000,0x000000c2c1500000)]
  0x0000029b56e01800 JavaThread "Start Level: Equinox Container: 2fcf2bf0-58ee-4893-bf58-b8b7ac7f4fb7" daemon [_thread_blocked, id=8004, stack(0x000000c2c1500000,0x000000c2c1600000)]
  0x0000029b57e39000 JavaThread "Bundle File Closer" daemon [_thread_blocked, id=12892, stack(0x000000c2c1600000,0x000000c2c1700000)]
  0x0000029b57f66000 JavaThread "Worker-JM" [_thread_blocked, id=7028, stack(0x000000c2c1700000,0x000000c2c1800000)]
  0x0000029b58055800 JavaThread "Worker-0: Validate documents" [_thread_blocked, id=12400, stack(0x000000c2c1800000,0x000000c2c1900000)]
  0x0000029b57f31800 JavaThread "Worker-1" [_thread_blocked, id=13292, stack(0x000000c2c1900000,0x000000c2c1a00000)]
  0x0000029b576d8800 JavaThread "Java indexing" daemon [_thread_blocked, id=404, stack(0x000000c2c1d00000,0x000000c2c1e00000)]
  0x0000029b5a2b6000 JavaThread "Worker-2" [_thread_blocked, id=2344, stack(0x000000c2c2000000,0x000000c2c2100000)]
  0x0000029b5a3cf000 JavaThread "pool-1-thread-1" [_thread_in_native, id=11148, stack(0x000000c2c2100000,0x000000c2c2200000)]
  0x0000029b5a3d2000 JavaThread "Worker-3: Initialize workspace" [_thread_blocked, id=15208, stack(0x000000c2c2200000,0x000000c2c2300000)]
  0x0000029b5a3ce000 JavaThread "Worker-4: Java indexing... " [_thread_blocked, id=12544, stack(0x000000c2c2300000,0x000000c2c2400000)]
  0x0000029b5a3d1800 JavaThread "Worker-5" [_thread_blocked, id=14200, stack(0x000000c2c2400000,0x000000c2c2500000)]
  0x0000029b5a3cf800 JavaThread "ForkJoinPool.commonPool-worker-3" daemon [_thread_blocked, id=9264, stack(0x000000c2bfe00000,0x000000c2bff00000)]
  0x0000029b5a3d0800 JavaThread "ForkJoinPool.commonPool-worker-5" daemon [_thread_blocked, id=11128, stack(0x000000c2c2700000,0x000000c2c2800000)]
  0x0000029b5a3cd800 JavaThread "ForkJoinPool.commonPool-worker-7" daemon [_thread_blocked, id=7728, stack(0x000000c2c2800000,0x000000c2c2900000)]
  0x0000029b5a3d3000 JavaThread "Thread-1" daemon [_thread_blocked, id=12764, stack(0x000000c2c2600000,0x000000c2c2700000)]

Other Threads:
=>0x0000029b5616a000 VMThread "VM Thread" [stack: 0x000000c2c0700000,0x000000c2c0800000] [id=9436]
  0x0000029b56d59000 WatcherThread [stack: 0x000000c2c1100000,0x000000c2c1200000] [id=528]
  0x0000029b3a076000 GCTaskThread "GC Thread#0" [stack: 0x000000c2c0100000,0x000000c2c0200000] [id=10784]
  0x0000029b56c34800 GCTaskThread "GC Thread#1" [stack: 0x000000c2c1200000,0x000000c2c1300000] [id=11284]
  0x0000029b57d95800 GCTaskThread "GC Thread#2" [stack: 0x000000c2c1a00000,0x000000c2c1b00000] [id=3684]
  0x0000029b57db6000 GCTaskThread "GC Thread#3" [stack: 0x000000c2c1b00000,0x000000c2c1c00000] [id=11992]
  0x0000029b3a093800 ConcurrentGCThread "G1 Main Marker" [stack: 0x000000c2c0200000,0x000000c2c0300000] [id=12876]
  0x0000029b3a096000 ConcurrentGCThread "G1 Conc#0" [stack: 0x000000c2c0300000,0x000000c2c0400000] [id=6444]
  0x0000029b3a10a000 ConcurrentGCThread "G1 Refine#0" [stack: 0x000000c2c0400000,0x000000c2c0500000] [id=6020]
  0x0000029b571dc800 ConcurrentGCThread "G1 Refine#1" [stack: 0x000000c2c1c00000,0x000000c2c1d00000] [id=7276]
  0x0000029b3a10b000 ConcurrentGCThread "G1 Young RemSet Sampling" [stack: 0x000000c2c0500000,0x000000c2c0600000] [id=13052]
  0x0000029b3a113000 ConcurrentGCThread "StrDedup" [stack: 0x000000c2c0600000,0x000000c2c0700000] [id=8612]

Threads with active compile tasks:
C2 CompilerThread0  68921 6085       4       org.eclipse.jdt.internal.core.JarPackageFragmentRoot::initRawPackageInfo (349 bytes)

VM state:at safepoint (normal execution)

VM Mutex/Monitor currently owned by a thread:  ([mutex/lock_event])
[0x0000029b3a05a110] Threads_lock - owner thread: 0x0000029b5616a000
[0x0000029b3a059c90] Heap_lock - owner thread: 0x0000029b58055800

Heap address: 0x00000000c0000000, size: 1024 MB, Compressed Oops mode: 32-bit
Narrow klass base: 0x0000000000000000, Narrow klass shift: 3
Compressed class space size: 1073741824 Address: 0x0000000100000000

Heap:
 garbage-first heap   total 319488K, used 110374K [0x00000000c0000000, 0x0000000100000000)
  region size 1024K, 4 young (4096K), 4 survivors (4096K)
 Metaspace       used 53983K, capacity 56323K, committed 56528K, reserved 1099776K
  class space    used 5442K, capacity 6258K, committed 6272K, reserved 1048576K
Heap Regions: E=young(eden), S=young(survivor), O=old, HS=humongous(starts), HC=humongous(continues), CS=collection set, F=free, A=archive, TAMS=top-at-mark-start (previous, next)
|   0|0x00000000c0000000, 0x00000000c0100000, 0x00000000c0100000|100%| O|  |TAMS 0x00000000c0100000, 0x00000000c0000000| Updating 
|   1|0x00000000c0100000, 0x00000000c0200000, 0x00000000c0200000|100%| O|  |TAMS 0x00000000c0200000, 0x00000000c0100000| Updating 
|   2|0x00000000c0200000, 0x00000000c0300000, 0x00000000c0300000|100%| O|  |TAMS 0x00000000c0300000, 0x00000000c0200000| Updating 
|   3|0x00000000c0300000, 0x00000000c0400000, 0x00000000c0400000|100%| O|  |TAMS 0x00000000c0400000, 0x00000000c0300000| Updating 
|   4|0x00000000c0400000, 0x00000000c0500000, 0x00000000c0500000|100%| O|  |TAMS 0x00000000c0500000, 0x00000000c0400000| Updating 
|   5|0x00000000c0500000, 0x00000000c0600000, 0x00000000c0600000|100%| O|  |TAMS 0x00000000c0600000, 0x00000000c0500000| Updating 
|   6|0x00000000c0600000, 0x00000000c0700000, 0x00000000c0700000|100%| O|  |TAMS 0x00000000c0700000, 0x00000000c0600000| Updating 
|   7|0x00000000c0700000, 0x00000000c0800000, 0x00000000c0800000|100%| O|  |TAMS 0x00000000c0800000, 0x00000000c0700000| Updating 
|   8|0x00000000c0800000, 0x00000000c0900000, 0x00000000c0900000|100%| O|  |TAMS 0x00000000c0900000, 0x00000000c0800000| Updating 
|   9|0x00000000c0900000, 0x00000000c0a00000, 0x00000000c0a00000|100%| O|  |TAMS 0x00000000c0a00000, 0x00000000c0900000| Updating 
|  10|0x00000000c0a00000, 0x00000000c0b00000, 0x00000000c0b00000|100%| O|  |TAMS 0x00000000c0b00000, 0x00000000c0a00000| Updating 
|  11|0x00000000c0b00000, 0x00000000c0c00000, 0x00000000c0c00000|100%| O|  |TAMS 0x00000000c0c00000, 0x00000000c0b00000| Updating 
|  12|0x00000000c0c00000, 0x00000000c0d00000, 0x00000000c0d00000|100%| O|  |TAMS 0x00000000c0d00000, 0x00000000c0c00000| Updating 
|  13|0x00000000c0d00000, 0x00000000c0e00000, 0x00000000c0e00000|100%| O|  |TAMS 0x00000000c0e00000, 0x00000000c0d00000| Updating 
|  14|0x00000000c0e00000, 0x00000000c0f00000, 0x00000000c0f00000|100%| O|  |TAMS 0x00000000c0f00000, 0x00000000c0e00000| Updating 
|  15|0x00000000c0f00000, 0x00000000c1000000, 0x00000000c1000000|100%| O|  |TAMS 0x00000000c1000000, 0x00000000c0f00000| Updating 
|  16|0x00000000c1000000, 0x00000000c1100000, 0x00000000c1100000|100%| O|  |TAMS 0x00000000c1100000, 0x00000000c1000000| Updating 
|  17|0x00000000c1100000, 0x00000000c1200000, 0x00000000c1200000|100%| O|  |TAMS 0x00000000c1200000, 0x00000000c1100000| Updating 
|  18|0x00000000c1200000, 0x00000000c1300000, 0x00000000c1300000|100%| O|  |TAMS 0x00000000c1300000, 0x00000000c1200000| Updating 
|  19|0x00000000c1300000, 0x00000000c1400000, 0x00000000c1400000|100%| O|  |TAMS 0x00000000c1400000, 0x00000000c1300000| Updating 
|  20|0x00000000c1400000, 0x00000000c1500000, 0x00000000c1500000|100%| O|  |TAMS 0x00000000c1500000, 0x00000000c1400000| Updating 
|  21|0x00000000c1500000, 0x00000000c1600000, 0x00000000c1600000|100%| O|  |TAMS 0x00000000c1600000, 0x00000000c1500000| Updating 
|  22|0x00000000c1600000, 0x00000000c1700000, 0x00000000c1700000|100%| O|  |TAMS 0x00000000c1700000, 0x00000000c1600000| Updating 
|  23|0x00000000c1700000, 0x00000000c1800000, 0x00000000c1800000|100%| O|  |TAMS 0x00000000c1800000, 0x00000000c1700000| Updating 
|  24|0x00000000c1800000, 0x00000000c1900000, 0x00000000c1900000|100%| O|  |TAMS 0x00000000c1900000, 0x00000000c1800000| Updating 
|  25|0x00000000c1900000, 0x00000000c1a00000, 0x00000000c1a00000|100%| O|  |TAMS 0x00000000c1a00000, 0x00000000c1900000| Updating 
|  26|0x00000000c1a00000, 0x00000000c1b00000, 0x00000000c1b00000|100%|HS|  |TAMS 0x00000000c1b00000, 0x00000000c1a00000| Complete 
|  27|0x00000000c1b00000, 0x00000000c1c00000, 0x00000000c1c00000|100%| O|  |TAMS 0x00000000c1c00000, 0x00000000c1b00000| Updating 
|  28|0x00000000c1c00000, 0x00000000c1d00000, 0x00000000c1d00000|100%| O|  |TAMS 0x00000000c1d00000, 0x00000000c1c00000| Updating 
|  29|0x00000000c1d00000, 0x00000000c1e00000, 0x00000000c1e00000|100%| O|  |TAMS 0x00000000c1e00000, 0x00000000c1d00000| Updating 
|  30|0x00000000c1e00000, 0x00000000c1f00000, 0x00000000c1f00000|100%| O|  |TAMS 0x00000000c1f00000, 0x00000000c1e00000| Updating 
|  31|0x00000000c1f00000, 0x00000000c2000000, 0x00000000c2000000|100%| O|  |TAMS 0x00000000c2000000, 0x00000000c1f00000| Updating 
|  32|0x00000000c2000000, 0x00000000c2100000, 0x00000000c2100000|100%| O|  |TAMS 0x00000000c2100000, 0x00000000c2000000| Updating 
|  33|0x00000000c2100000, 0x00000000c2200000, 0x00000000c2200000|100%| O|  |TAMS 0x00000000c2200000, 0x00000000c2100000| Updating 
|  34|0x00000000c2200000, 0x00000000c2300000, 0x00000000c2300000|100%| O|  |TAMS 0x00000000c2300000, 0x00000000c2200000| Updating 
|  35|0x00000000c2300000, 0x00000000c2400000, 0x00000000c2400000|100%| O|  |TAMS 0x00000000c2400000, 0x00000000c2300000| Updating 
|  36|0x00000000c2400000, 0x00000000c2500000, 0x00000000c2500000|100%| O|  |TAMS 0x00000000c2500000, 0x00000000c2400000| Updating 
|  37|0x00000000c2500000, 0x00000000c2600000, 0x00000000c2600000|100%| O|  |TAMS 0x00000000c2600000, 0x00000000c2500000| Updating 
|  38|0x00000000c2600000, 0x00000000c2700000, 0x00000000c2700000|100%| O|  |TAMS 0x00000000c2700000, 0x00000000c2600000| Updating 
|  39|0x00000000c2700000, 0x00000000c2800000, 0x00000000c2800000|100%| O|  |TAMS 0x00000000c2800000, 0x00000000c2700000| Updating 
|  40|0x00000000c2800000, 0x00000000c2900000, 0x00000000c2900000|100%| O|  |TAMS 0x00000000c2900000, 0x00000000c2800000| Updating 
|  41|0x00000000c2900000, 0x00000000c2a00000, 0x00000000c2a00000|100%| O|  |TAMS 0x00000000c2a00000, 0x00000000c2900000| Updating 
|  42|0x00000000c2a00000, 0x00000000c2b00000, 0x00000000c2b00000|100%| O|  |TAMS 0x00000000c2b00000, 0x00000000c2a00000| Updating 
|  43|0x00000000c2b00000, 0x00000000c2c00000, 0x00000000c2c00000|100%| O|  |TAMS 0x00000000c2c00000, 0x00000000c2b00000| Updating 
|  44|0x00000000c2c00000, 0x00000000c2d00000, 0x00000000c2d00000|100%| O|  |TAMS 0x00000000c2d00000, 0x00000000c2c00000| Updating 
|  45|0x00000000c2d00000, 0x00000000c2e00000, 0x00000000c2e00000|100%| O|  |TAMS 0x00000000c2e00000, 0x00000000c2d00000| Updating 
|  46|0x00000000c2e00000, 0x00000000c2f00000, 0x00000000c2f00000|100%| O|  |TAMS 0x00000000c2f00000, 0x00000000c2e00000| Updating 
|  47|0x00000000c2f00000, 0x00000000c3000000, 0x00000000c3000000|100%| O|  |TAMS 0x00000000c3000000, 0x00000000c2f00000| Updating 
|  48|0x00000000c3000000, 0x00000000c3100000, 0x00000000c3100000|100%| O|  |TAMS 0x00000000c3100000, 0x00000000c3000000| Updating 
|  49|0x00000000c3100000, 0x00000000c3200000, 0x00000000c3200000|100%| O|  |TAMS 0x00000000c3200000, 0x00000000c3100000| Updating 
|  50|0x00000000c3200000, 0x00000000c3300000, 0x00000000c3300000|100%| O|  |TAMS 0x00000000c3300000, 0x00000000c3200000| Updating 
|  51|0x00000000c3300000, 0x00000000c3400000, 0x00000000c3400000|100%| O|  |TAMS 0x00000000c3400000, 0x00000000c3300000| Updating 
|  52|0x00000000c3400000, 0x00000000c3500000, 0x00000000c3500000|100%| O|  |TAMS 0x00000000c3500000, 0x00000000c3400000| Updating 
|  53|0x00000000c3500000, 0x00000000c3600000, 0x00000000c3600000|100%| O|  |TAMS 0x00000000c3600000, 0x00000000c3500000| Updating 
|  54|0x00000000c3600000, 0x00000000c3700000, 0x00000000c3700000|100%|HS|  |TAMS 0x00000000c3700000, 0x00000000c3600000| Complete 
|  55|0x00000000c3700000, 0x00000000c3800000, 0x00000000c3800000|100%| O|  |TAMS 0x00000000c3800000, 0x00000000c3700000| Updating 
|  56|0x00000000c3800000, 0x00000000c3900000, 0x00000000c3900000|100%| O|  |TAMS 0x00000000c3900000, 0x00000000c3800000| Updating 
|  57|0x00000000c3900000, 0x00000000c3a00000, 0x00000000c3a00000|100%| O|  |TAMS 0x00000000c3a00000, 0x00000000c3900000| Updating 
|  58|0x00000000c3a00000, 0x00000000c3b00000, 0x00000000c3b00000|100%| O|  |TAMS 0x00000000c3b00000, 0x00000000c3a00000| Updating 
|  59|0x00000000c3b00000, 0x00000000c3c00000, 0x00000000c3c00000|100%| O|  |TAMS 0x00000000c3c00000, 0x00000000c3b00000| Updating 
|  60|0x00000000c3c00000, 0x00000000c3d00000, 0x00000000c3d00000|100%| O|  |TAMS 0x00000000c3d00000, 0x00000000c3c00000| Updating 
|  61|0x00000000c3d00000, 0x00000000c3e00000, 0x00000000c3e00000|100%| O|  |TAMS 0x00000000c3e00000, 0x00000000c3d00000| Updating 
|  62|0x00000000c3e00000, 0x00000000c3f00000, 0x00000000c3f00000|100%| O|  |TAMS 0x00000000c3f00000, 0x00000000c3e00000| Updating 
|  63|0x00000000c3f00000, 0x00000000c4000000, 0x00000000c4000000|100%| O|  |TAMS 0x00000000c4000000, 0x00000000c3f00000| Updating 
|  64|0x00000000c4000000, 0x00000000c4100000, 0x00000000c4100000|100%|HS|  |TAMS 0x00000000c4100000, 0x00000000c4000000| Complete 
|  65|0x00000000c4100000, 0x00000000c4200000, 0x00000000c4200000|100%|HC|  |TAMS 0x00000000c4200000, 0x00000000c4100000| Complete 
|  66|0x00000000c4200000, 0x00000000c4300000, 0x00000000c4300000|100%| O|  |TAMS 0x00000000c4300000, 0x00000000c4200000| Updating 
|  67|0x00000000c4300000, 0x00000000c4400000, 0x00000000c4400000|100%| O|  |TAMS 0x00000000c4400000, 0x00000000c4300000| Updating 
|  68|0x00000000c4400000, 0x00000000c4500000, 0x00000000c4500000|100%| O|  |TAMS 0x00000000c4500000, 0x00000000c4400000| Updating 
|  69|0x00000000c4500000, 0x00000000c4600000, 0x00000000c4600000|100%| O|  |TAMS 0x00000000c4600000, 0x00000000c4500000| Updating 
|  70|0x00000000c4600000, 0x00000000c4700000, 0x00000000c4700000|100%| O|  |TAMS 0x00000000c4700000, 0x00000000c4600000| Updating 
|  71|0x00000000c4700000, 0x00000000c4800000, 0x00000000c4800000|100%| O|  |TAMS 0x00000000c4800000, 0x00000000c4700000| Updating 
|  72|0x00000000c4800000, 0x00000000c4900000, 0x00000000c4900000|100%| O|  |TAMS 0x00000000c4900000, 0x00000000c4800000| Updating 
|  73|0x00000000c4900000, 0x00000000c4a00000, 0x00000000c4a00000|100%| O|  |TAMS 0x00000000c4a00000, 0x00000000c4900000| Updating 
|  74|0x00000000c4a00000, 0x00000000c4b00000, 0x00000000c4b00000|100%| O|  |TAMS 0x00000000c4b00000, 0x00000000c4a00000| Updating 
|  75|0x00000000c4b00000, 0x00000000c4c00000, 0x00000000c4c00000|100%| O|  |TAMS 0x00000000c4c00000, 0x00000000c4b00000| Updating 
|  76|0x00000000c4c00000, 0x00000000c4d00000, 0x00000000c4d00000|100%| O|  |TAMS 0x00000000c4d00000, 0x00000000c4c00000| Updating 
|  77|0x00000000c4d00000, 0x00000000c4e00000, 0x00000000c4e00000|100%| O|  |TAMS 0x00000000c4e00000, 0x00000000c4d00000| Updating 
|  78|0x00000000c4e00000, 0x00000000c4f00000, 0x00000000c4f00000|100%| O|  |TAMS 0x00000000c4e36e00, 0x00000000c4e00000| Updating 
|  79|0x00000000c4f00000, 0x00000000c5000000, 0x00000000c5000000|100%|HS|  |TAMS 0x00000000c4f00000, 0x00000000c4f00000| Complete 
|  80|0x00000000c5000000, 0x00000000c5100000, 0x00000000c5100000|100%|HC|  |TAMS 0x00000000c5000000, 0x00000000c5000000| Complete 
|  81|0x00000000c5100000, 0x00000000c5200000, 0x00000000c5200000|100%| O|  |TAMS 0x00000000c5100000, 0x00000000c5100000| Untracked 
|  82|0x00000000c5200000, 0x00000000c5300000, 0x00000000c5300000|100%| O|  |TAMS 0x00000000c5200000, 0x00000000c5200000| Untracked 
|  83|0x00000000c5300000, 0x00000000c5400000, 0x00000000c5400000|100%| O|  |TAMS 0x00000000c5300000, 0x00000000c5300000| Untracked 
|  84|0x00000000c5400000, 0x00000000c5500000, 0x00000000c5500000|100%| O|  |TAMS 0x00000000c5400000, 0x00000000c5400000| Untracked 
|  85|0x00000000c5500000, 0x00000000c5600000, 0x00000000c5600000|100%| O|  |TAMS 0x00000000c5500000, 0x00000000c5500000| Untracked 
|  86|0x00000000c5600000, 0x00000000c5700000, 0x00000000c5700000|100%| O|  |TAMS 0x00000000c5600000, 0x00000000c5600000| Untracked 
|  87|0x00000000c5700000, 0x00000000c57c9a00, 0x00000000c5800000| 78%| O|  |TAMS 0x00000000c5700000, 0x00000000c5700000| Untracked 
|  88|0x00000000c5800000, 0x00000000c5800000, 0x00000000c5900000|  0%| F|  |TAMS 0x00000000c5800000, 0x00000000c5800000| Untracked 
|  89|0x00000000c5900000, 0x00000000c5900000, 0x00000000c5a00000|  0%| F|  |TAMS 0x00000000c5900000, 0x00000000c5900000| Untracked 
|  90|0x00000000c5a00000, 0x00000000c5a00000, 0x00000000c5b00000|  0%| F|  |TAMS 0x00000000c5a00000, 0x00000000c5a00000| Untracked 
|  91|0x00000000c5b00000, 0x00000000c5b00000, 0x00000000c5c00000|  0%| F|  |TAMS 0x00000000c5b00000, 0x00000000c5b00000| Untracked 
|  92|0x00000000c5c00000, 0x00000000c5c00000, 0x00000000c5d00000|  0%| F|  |TAMS 0x00000000c5c00000, 0x00000000c5c00000| Untracked 
|  93|0x00000000c5d00000, 0x00000000c5d00000, 0x00000000c5e00000|  0%| F|  |TAMS 0x00000000c5d00000, 0x00000000c5d00000| Untracked 
|  94|0x00000000c5e00000, 0x00000000c5e00000, 0x00000000c5f00000|  0%| F|  |TAMS 0x00000000c5e00000, 0x00000000c5e00000| Untracked 
|  95|0x00000000c5f00000, 0x00000000c5f00000, 0x00000000c6000000|  0%| F|  |TAMS 0x00000000c5f00000, 0x00000000c5f00000| Untracked 
|  96|0x00000000c6000000, 0x00000000c6000000, 0x00000000c6100000|  0%| F|  |TAMS 0x00000000c6000000, 0x00000000c6000000| Untracked 
|  97|0x00000000c6100000, 0x00000000c6100000, 0x00000000c6200000|  0%| F|  |TAMS 0x00000000c6100000, 0x00000000c6100000| Untracked 
|  98|0x00000000c6200000, 0x00000000c6200000, 0x00000000c6300000|  0%| F|  |TAMS 0x00000000c6200000, 0x00000000c6200000| Untracked 
|  99|0x00000000c6300000, 0x00000000c6300000, 0x00000000c6400000|  0%| F|  |TAMS 0x00000000c6300000, 0x00000000c6300000| Untracked 
| 100|0x00000000c6400000, 0x00000000c6400000, 0x00000000c6500000|  0%| F|  |TAMS 0x00000000c6400000, 0x00000000c6400000| Untracked 
| 101|0x00000000c6500000, 0x00000000c6500000, 0x00000000c6600000|  0%| F|  |TAMS 0x00000000c6500000, 0x00000000c6500000| Untracked 
| 102|0x00000000c6600000, 0x00000000c6600000, 0x00000000c6700000|  0%| F|  |TAMS 0x00000000c6600000, 0x00000000c6600000| Untracked 
| 103|0x00000000c6700000, 0x00000000c6700000, 0x00000000c6800000|  0%| F|  |TAMS 0x00000000c6700000, 0x00000000c6700000| Untracked 
| 104|0x00000000c6800000, 0x00000000c6800000, 0x00000000c6900000|  0%| F|  |TAMS 0x00000000c6800000, 0x00000000c6800000| Untracked 
| 105|0x00000000c6900000, 0x00000000c6900000, 0x00000000c6a00000|  0%| F|  |TAMS 0x00000000c6900000, 0x00000000c6900000| Untracked 
| 106|0x00000000c6a00000, 0x00000000c6a00000, 0x00000000c6b00000|  0%| F|  |TAMS 0x00000000c6a00000, 0x00000000c6a00000| Untracked 
| 107|0x00000000c6b00000, 0x00000000c6b00000, 0x00000000c6c00000|  0%| F|  |TAMS 0x00000000c6b00000, 0x00000000c6b00000| Untracked 
| 108|0x00000000c6c00000, 0x00000000c6c00000, 0x00000000c6d00000|  0%| F|  |TAMS 0x00000000c6c00000, 0x00000000c6c00000| Untracked 
| 109|0x00000000c6d00000, 0x00000000c6d00000, 0x00000000c6e00000|  0%| F|  |TAMS 0x00000000c6d00000, 0x00000000c6d00000| Untracked 
| 110|0x00000000c6e00000, 0x00000000c6e00000, 0x00000000c6f00000|  0%| F|  |TAMS 0x00000000c6e00000, 0x00000000c6e00000| Untracked 
| 111|0x00000000c6f00000, 0x00000000c6f00000, 0x00000000c7000000|  0%| F|  |TAMS 0x00000000c6f00000, 0x00000000c6f00000| Untracked 
| 112|0x00000000c7000000, 0x00000000c7000000, 0x00000000c7100000|  0%| F|  |TAMS 0x00000000c7000000, 0x00000000c7000000| Untracked 
| 113|0x00000000c7100000, 0x00000000c7200000, 0x00000000c7200000|100%| S|CS|TAMS 0x00000000c7100000, 0x00000000c7100000| Complete 
| 114|0x00000000c7200000, 0x00000000c7300000, 0x00000000c7300000|100%| S|CS|TAMS 0x00000000c7200000, 0x00000000c7200000| Complete 
| 115|0x00000000c7300000, 0x00000000c7400000, 0x00000000c7400000|100%| S|CS|TAMS 0x00000000c7300000, 0x00000000c7300000| Complete 
| 116|0x00000000c7400000, 0x00000000c7500000, 0x00000000c7500000|100%| S|CS|TAMS 0x00000000c7400000, 0x00000000c7400000| Complete 
| 117|0x00000000c7500000, 0x00000000c7500000, 0x00000000c7600000|  0%| F|  |TAMS 0x00000000c7500000, 0x00000000c7500000| Untracked 
| 118|0x00000000c7600000, 0x00000000c7600000, 0x00000000c7700000|  0%| F|  |TAMS 0x00000000c7600000, 0x00000000c7600000| Untracked 
| 119|0x00000000c7700000, 0x00000000c7700000, 0x00000000c7800000|  0%| F|  |TAMS 0x00000000c7700000, 0x00000000c7700000| Untracked 
| 120|0x00000000c7800000, 0x00000000c7800000, 0x00000000c7900000|  0%| F|  |TAMS 0x00000000c7800000, 0x00000000c7800000| Untracked 
| 121|0x00000000c7900000, 0x00000000c7900000, 0x00000000c7a00000|  0%| F|  |TAMS 0x00000000c7900000, 0x00000000c7900000| Untracked 
| 122|0x00000000c7a00000, 0x00000000c7a00000, 0x00000000c7b00000|  0%| F|  |TAMS 0x00000000c7a00000, 0x00000000c7a00000| Untracked 
| 123|0x00000000c7b00000, 0x00000000c7b00000, 0x00000000c7c00000|  0%| F|  |TAMS 0x00000000c7b00000, 0x00000000c7b00000| Untracked 
| 124|0x00000000c7c00000, 0x00000000c7c00000, 0x00000000c7d00000|  0%| F|  |TAMS 0x00000000c7c00000, 0x00000000c7c00000| Untracked 
| 125|0x00000000c7d00000, 0x00000000c7d00000, 0x00000000c7e00000|  0%| F|  |TAMS 0x00000000c7d00000, 0x00000000c7d00000| Untracked 
| 126|0x00000000c7e00000, 0x00000000c7e00000, 0x00000000c7f00000|  0%| F|  |TAMS 0x00000000c7e00000, 0x00000000c7e00000| Untracked 
| 127|0x00000000c7f00000, 0x00000000c7f00000, 0x00000000c8000000|  0%| F|  |TAMS 0x00000000c7f00000, 0x00000000c7f00000| Untracked 
| 128|0x00000000c8000000, 0x00000000c8000000, 0x00000000c8100000|  0%| F|  |TAMS 0x00000000c8000000, 0x00000000c8000000| Untracked 
| 129|0x00000000c8100000, 0x00000000c8100000, 0x00000000c8200000|  0%| F|  |TAMS 0x00000000c8100000, 0x00000000c8100000| Untracked 
| 130|0x00000000c8200000, 0x00000000c8200000, 0x00000000c8300000|  0%| F|  |TAMS 0x00000000c8200000, 0x00000000c8200000| Untracked 
| 131|0x00000000c8300000, 0x00000000c8300000, 0x00000000c8400000|  0%| F|  |TAMS 0x00000000c8300000, 0x00000000c8300000| Untracked 
| 132|0x00000000c8400000, 0x00000000c8400000, 0x00000000c8500000|  0%| F|  |TAMS 0x00000000c8400000, 0x00000000c8400000| Untracked 
| 133|0x00000000c8500000, 0x00000000c8500000, 0x00000000c8600000|  0%| F|  |TAMS 0x00000000c8500000, 0x00000000c8500000| Untracked 
| 134|0x00000000c8600000, 0x00000000c8600000, 0x00000000c8700000|  0%| F|  |TAMS 0x00000000c8600000, 0x00000000c8600000| Untracked 
| 135|0x00000000c8700000, 0x00000000c8700000, 0x00000000c8800000|  0%| F|  |TAMS 0x00000000c8700000, 0x00000000c8700000| Untracked 
| 136|0x00000000c8800000, 0x00000000c8900000, 0x00000000c8900000|100%|HS|  |TAMS 0x00000000c8900000, 0x00000000c8800000| Complete 
| 137|0x00000000c8900000, 0x00000000c8a00000, 0x00000000c8a00000|100%|HC|  |TAMS 0x00000000c8a00000, 0x00000000c8900000| Complete 
| 138|0x00000000c8a00000, 0x00000000c8b00000, 0x00000000c8b00000|100%|HC|  |TAMS 0x00000000c8b00000, 0x00000000c8a00000| Complete 
| 139|0x00000000c8b00000, 0x00000000c8c00000, 0x00000000c8c00000|100%|HC|  |TAMS 0x00000000c8c00000, 0x00000000c8b00000| Complete 
| 140|0x00000000c8c00000, 0x00000000c8d00000, 0x00000000c8d00000|100%|HC|  |TAMS 0x00000000c8d00000, 0x00000000c8c00000| Complete 
| 141|0x00000000c8d00000, 0x00000000c8e00000, 0x00000000c8e00000|100%|HC|  |TAMS 0x00000000c8e00000, 0x00000000c8d00000| Complete 
| 142|0x00000000c8e00000, 0x00000000c8f00000, 0x00000000c8f00000|100%|HC|  |TAMS 0x00000000c8f00000, 0x00000000c8e00000| Complete 
| 143|0x00000000c8f00000, 0x00000000c9000000, 0x00000000c9000000|100%|HC|  |TAMS 0x00000000c9000000, 0x00000000c8f00000| Complete 
| 144|0x00000000c9000000, 0x00000000c9100000, 0x00000000c9100000|100%|HC|  |TAMS 0x00000000c9100000, 0x00000000c9000000| Complete 
| 145|0x00000000c9100000, 0x00000000c9200000, 0x00000000c9200000|100%|HC|  |TAMS 0x00000000c9200000, 0x00000000c9100000| Complete 
| 146|0x00000000c9200000, 0x00000000c9300000, 0x00000000c9300000|100%|HC|  |TAMS 0x00000000c9300000, 0x00000000c9200000| Complete 
| 147|0x00000000c9300000, 0x00000000c9300000, 0x00000000c9400000|  0%| F|  |TAMS 0x00000000c9300000, 0x00000000c9300000| Untracked 
| 148|0x00000000c9400000, 0x00000000c9400000, 0x00000000c9500000|  0%| F|  |TAMS 0x00000000c9400000, 0x00000000c9400000| Untracked 
| 149|0x00000000c9500000, 0x00000000c9500000, 0x00000000c9600000|  0%| F|  |TAMS 0x00000000c9500000, 0x00000000c9500000| Untracked 
| 150|0x00000000c9600000, 0x00000000c9600000, 0x00000000c9700000|  0%| F|  |TAMS 0x00000000c9600000, 0x00000000c9600000| Untracked 
| 151|0x00000000c9700000, 0x00000000c9800000, 0x00000000c9800000|100%| O|  |TAMS 0x00000000c9800000, 0x00000000c9700000| Updating 
| 152|0x00000000c9800000, 0x00000000c9900000, 0x00000000c9900000|100%| O|  |TAMS 0x00000000c9900000, 0x00000000c9800000| Updating 
| 153|0x00000000c9900000, 0x00000000c9a00000, 0x00000000c9a00000|100%| O|  |TAMS 0x00000000c9a00000, 0x00000000c9900000| Updating 
| 154|0x00000000c9a00000, 0x00000000c9b00000, 0x00000000c9b00000|100%| O|  |TAMS 0x00000000c9b00000, 0x00000000c9a00000| Updating 
| 155|0x00000000c9b00000, 0x00000000c9c00000, 0x00000000c9c00000|100%| O|  |TAMS 0x00000000c9c00000, 0x00000000c9b00000| Updating 

Card table byte_map: [0x0000029b518b0000,0x0000029b51ab0000] _byte_map_base: 0x0000029b512b0000

Marking Bits (Prev, Next): (CMBitMap*) 0x0000029b3a08ec38, (CMBitMap*) 0x0000029b3a08ec70
 Prev Bits: [0x0000029b51cb0000, 0x0000029b52cb0000)
 Next Bits: [0x0000029b52cb0000, 0x0000029b53cb0000)

Polling page: 0x0000029b37e00000

Metaspace:

Usage:
  Non-class:     48.89 MB capacity,    47.40 MB ( 97%) used,     1.39 MB (  3%) free+waste,    97.19 KB ( <1%) overhead. 
      Class:      6.11 MB capacity,     5.31 MB ( 87%) used,   772.12 KB ( 12%) free+waste,    43.69 KB ( <1%) overhead. 
       Both:     55.00 MB capacity,    52.72 MB ( 96%) used,     2.15 MB (  4%) free+waste,   140.88 KB ( <1%) overhead. 

Virtual space:
  Non-class space:       50.00 MB reserved,      49.08 MB ( 98%) committed 
      Class space:        1.00 GB reserved,       6.13 MB ( <1%) committed 
             Both:        1.05 GB reserved,      55.20 MB (  5%) committed 

Chunk freelists:
   Non-Class:  63.00 KB
       Class:  14.00 KB
        Both:  77.00 KB

MaxMetaspaceSize: 17179869184.00 GB
CompressedClassSpaceSize: 1.00 GB

CodeHeap 'non-profiled nmethods': size=120064Kb used=2322Kb max_used=2322Kb free=117741Kb
 bounds [0x0000029b4a170000, 0x0000029b4a3e0000, 0x0000029b516b0000]
CodeHeap 'profiled nmethods': size=120000Kb used=13353Kb max_used=13353Kb free=106646Kb
 bounds [0x0000029b42c40000, 0x0000029b43960000, 0x0000029b4a170000]
CodeHeap 'non-nmethods': size=5696Kb used=1255Kb max_used=1295Kb free=4440Kb
 bounds [0x0000029b426b0000, 0x0000029b42920000, 0x0000029b42c40000]
 total_blobs=8005 nmethods=5555 adapters=558
 compilation: enabled
              stopped_count=0, restarted_count=0
 full_count=0

Compilation events (20 events):
Event: 66.642 Thread 0x0000029b561d1800 6189       2       java.util.zip.ZipFile$ZipEntryIterator::nextElement (5 bytes)
Event: 66.642 Thread 0x0000029b561d1800 nmethod 6189 0x0000029b4394d690 code [0x0000029b4394d840, 0x0000029b4394d9b0]
Event: 66.642 Thread 0x0000029b561d1800 6190       2       java.util.zip.ZipFile$ZipEntryIterator::nextElement (5 bytes)
Event: 66.643 Thread 0x0000029b561d1800 nmethod 6190 0x0000029b4394da90 code [0x0000029b4394dc40, 0x0000029b4394ddb0]
Event: 66.643 Thread 0x0000029b561d1800 6191   !   2       java.util.zip.ZipFile$ZipEntryIterator::next (76 bytes)
Event: 66.651 Thread 0x0000029b561d1800 nmethod 6191 0x0000029b4394de90 code [0x0000029b4394e080, 0x0000029b4394e4f0]
Event: 66.653 Thread 0x0000029b561d1800 6192       2       java.util.zip.ZipFile$$Lambda$24/0x00000001000c7840::apply (12 bytes)
Event: 66.658 Thread 0x0000029b561d1800 nmethod 6192 0x0000029b4394e890 code [0x0000029b4394ea60, 0x0000029b4394ec90]
Event: 66.658 Thread 0x0000029b561d1800 6201       2       org.eclipse.jdt.internal.core.JavaProject$ModuleLookup::recordRoot (16 bytes)
Event: 66.659 Thread 0x0000029b561d1800 nmethod 6201 0x0000029b4394ed90 code [0x0000029b4394ef40, 0x0000029b4394f0d0]
Event: 66.659 Thread 0x0000029b561d1800 6202       1       org.eclipse.jdt.internal.compiler.classfmt.ModuleInfo::requires (5 bytes)
Event: 66.659 Thread 0x0000029b561d1800 nmethod 6202 0x0000029b4a3b4190 code [0x0000029b4a3b4340, 0x0000029b4a3b4458]
Event: 66.659 Thread 0x0000029b561d1800 6199       1       org.eclipse.jdt.internal.core.JavaProject::getElementType (2 bytes)
Event: 66.659 Thread 0x0000029b561d1800 nmethod 6199 0x0000029b4a3b4510 code [0x0000029b4a3b46c0, 0x0000029b4a3b47d8]
Event: 66.801 Thread 0x0000029b561d1800 6203       2       org.eclipse.jdt.internal.core.util.HashSetOfArray::add (100 bytes)
Event: 66.807 Thread 0x0000029b561d1800 nmethod 6203 0x0000029b4394f190 code [0x0000029b4394f3a0, 0x0000029b4394f890]
Event: 66.851 Thread 0x0000029b561d1800 6204       2       org.eclipse.jdt.internal.core.util.HashSetOfArray::hashCode (35 bytes)
Event: 67.109 Thread 0x0000029b561d1800 nmethod 6204 0x0000029b4394fb90 code [0x0000029b4394fd60, 0x0000029b4394ffd0]
Event: 67.326 Thread 0x0000029b561d1800 6206   !   3       java.nio.file.Files::walkFileTree (294 bytes)
Event: 67.332 Thread 0x0000029b561d1800 nmethod 6206 0x0000029b43950110 code [0x0000029b43950520, 0x0000029b43952530]

GC Heap History (20 events):
Event: 60.399 GC heap after
{Heap after GC invocations=22 (full 0):
 garbage-first heap   total 96256K, used 60717K [0x00000000c0000000, 0x0000000100000000)
  region size 1024K, 3 young (3072K), 3 survivors (3072K)
 Metaspace       used 52103K, capacity 54403K, committed 54608K, reserved 1097728K
  class space    used 5231K, capacity 6067K, committed 6144K, reserved 1048576K
}
Event: 60.422 GC heap before
{Heap before GC invocations=22 (full 0):
 garbage-first heap   total 96256K, used 61741K [0x00000000c0000000, 0x0000000100000000)
  region size 1024K, 4 young (4096K), 3 survivors (3072K)
 Metaspace       used 52104K, capacity 54403K, committed 54608K, reserved 1097728K
  class space    used 5231K, capacity 6067K, committed 6144K, reserved 1048576K
}
Event: 60.449 GC heap after
{Heap after GC invocations=23 (full 0):
 garbage-first heap   total 96256K, used 57742K [0x00000000c0000000, 0x0000000100000000)
  region size 1024K, 1 young (1024K), 1 survivors (1024K)
 Metaspace       used 52104K, capacity 54403K, committed 54608K, reserved 1097728K
  class space    used 5231K, capacity 6067K, committed 6144K, reserved 1048576K
}
Event: 60.928 GC heap before
{Heap before GC invocations=23 (full 0):
 garbage-first heap   total 96256K, used 78222K [0x00000000c0000000, 0x0000000100000000)
  region size 1024K, 21 young (21504K), 1 survivors (1024K)
 Metaspace       used 52160K, capacity 54418K, committed 54608K, reserved 1097728K
  class space    used 5239K, capacity 6075K, committed 6144K, reserved 1048576K
}
Event: 60.945 GC heap after
{Heap after GC invocations=24 (full 0):
 garbage-first heap   total 115712K, used 59454K [0x00000000c0000000, 0x0000000100000000)
  region size 1024K, 3 young (3072K), 3 survivors (3072K)
 Metaspace       used 52160K, capacity 54418K, committed 54608K, reserved 1097728K
  class space    used 5239K, capacity 6075K, committed 6144K, reserved 1048576K
}
Event: 61.945 GC heap before
{Heap before GC invocations=25 (full 0):
 garbage-first heap   total 115712K, used 90174K [0x00000000c0000000, 0x0000000100000000)
  region size 1024K, 33 young (33792K), 3 survivors (3072K)
 Metaspace       used 52235K, capacity 54516K, committed 54608K, reserved 1097728K
  class space    used 5245K, capacity 6109K, committed 6144K, reserved 1048576K
}
Event: 61.961 GC heap after
{Heap after GC invocations=26 (full 0):
 garbage-first heap   total 115712K, used 62372K [0x00000000c0000000, 0x0000000100000000)
  region size 1024K, 5 young (5120K), 5 survivors (5120K)
 Metaspace       used 52235K, capacity 54516K, committed 54608K, reserved 1097728K
  class space    used 5245K, capacity 6109K, committed 6144K, reserved 1048576K
}
Event: 62.711 GC heap before
{Heap before GC invocations=26 (full 0):
 garbage-first heap   total 115712K, used 92068K [0x00000000c0000000, 0x0000000100000000)
  region size 1024K, 34 young (34816K), 5 survivors (5120K)
 Metaspace       used 52328K, capacity 54644K, committed 54864K, reserved 1097728K
  class space    used 5261K, capacity 6109K, committed 6144K, reserved 1048576K
}
Event: 62.734 GC heap after
{Heap after GC invocations=27 (full 0):
 garbage-first heap   total 115712K, used 65852K [0x00000000c0000000, 0x0000000100000000)
  region size 1024K, 4 young (4096K), 4 survivors (4096K)
 Metaspace       used 52328K, capacity 54644K, committed 54864K, reserved 1097728K
  class space    used 5261K, capacity 6109K, committed 6144K, reserved 1048576K
}
Event: 63.628 GC heap before
{Heap before GC invocations=28 (full 0):
 garbage-first heap   total 115712K, used 85308K [0x00000000c0000000, 0x0000000100000000)
  region size 1024K, 24 young (24576K), 4 survivors (4096K)
 Metaspace       used 53306K, capacity 55758K, committed 56016K, reserved 1099776K
  class space    used 5389K, capacity 6219K, committed 6272K, reserved 1048576K
}
Event: 63.650 GC heap after
{Heap after GC invocations=29 (full 0):
 garbage-first heap   total 115712K, used 68258K [0x00000000c0000000, 0x0000000100000000)
  region size 1024K, 3 young (3072K), 3 survivors (3072K)
 Metaspace       used 53306K, capacity 55758K, committed 56016K, reserved 1099776K
  class space    used 5389K, capacity 6219K, committed 6272K, reserved 1048576K
}
Event: 64.323 GC heap before
{Heap before GC invocations=30 (full 0):
 garbage-first heap   total 115712K, used 76450K [0x00000000c0000000, 0x0000000100000000)
  region size 1024K, 8 young (8192K), 3 survivors (3072K)
 Metaspace       used 53499K, capacity 55898K, committed 56016K, reserved 1099776K
  class space    used 5404K, capacity 6223K, committed 6272K, reserved 1048576K
}
Event: 64.346 GC heap after
{Heap after GC invocations=31 (full 0):
 garbage-first heap   total 139264K, used 72622K [0x00000000c0000000, 0x0000000100000000)
  region size 1024K, 1 young (1024K), 1 survivors (1024K)
 Metaspace       used 53499K, capacity 55898K, committed 56016K, reserved 1099776K
  class space    used 5404K, capacity 6223K, committed 6272K, reserved 1048576K
}
Event: 65.067 GC heap before
{Heap before GC invocations=32 (full 0):
 garbage-first heap   total 139264K, used 100270K [0x00000000c0000000, 0x0000000100000000)
  region size 1024K, 13 young (13312K), 1 survivors (1024K)
 Metaspace       used 53788K, capacity 56198K, committed 56272K, reserved 1099776K
  class space    used 5430K, capacity 6259K, committed 6272K, reserved 1048576K
}
Event: 65.087 GC heap after
{Heap after GC invocations=33 (full 0):
 garbage-first heap   total 139264K, used 81658K [0x00000000c0000000, 0x0000000100000000)
  region size 1024K, 2 young (2048K), 2 survivors (2048K)
 Metaspace       used 53788K, capacity 56198K, committed 56272K, reserved 1099776K
  class space    used 5430K, capacity 6259K, committed 6272K, reserved 1048576K
}
Event: 65.998 GC heap before
{Heap before GC invocations=34 (full 0):
 garbage-first heap   total 150528K, used 149242K [0x00000000c0000000, 0x0000000100000000)
  region size 1024K, 31 young (31744K), 2 survivors (2048K)
 Metaspace       used 53966K, capacity 56323K, committed 56528K, reserved 1099776K
  class space    used 5441K, capacity 6258K, committed 6272K, reserved 1048576K
}
Event: 66.189 GC heap after
{Heap after GC invocations=35 (full 0):
 garbage-first heap   total 159744K, used 90907K [0x00000000c0000000, 0x0000000100000000)
  region size 1024K, 4 young (4096K), 4 survivors (4096K)
 Metaspace       used 53966K, capacity 56323K, committed 56528K, reserved 1099776K
  class space    used 5441K, capacity 6258K, committed 6272K, reserved 1048576K
}
Event: 66.686 GC heap before
{Heap before GC invocations=35 (full 0):
 garbage-first heap   total 159744K, used 116507K [0x00000000c0000000, 0x0000000100000000)
  region size 1024K, 30 young (30720K), 4 survivors (4096K)
 Metaspace       used 53981K, capacity 56323K, committed 56528K, reserved 1099776K
  class space    used 5442K, capacity 6258K, committed 6272K, reserved 1048576K
}
Event: 66.791 GC heap after
{Heap after GC invocations=36 (full 0):
 garbage-first heap   total 159744K, used 101595K [0x00000000c0000000, 0x0000000100000000)
  region size 1024K, 5 young (5120K), 5 survivors (5120K)
 Metaspace       used 53981K, capacity 56323K, committed 56528K, reserved 1099776K
  class space    used 5442K, capacity 6258K, committed 6272K, reserved 1048576K
}
Event: 67.374 GC heap before
{Heap before GC invocations=36 (full 0):
 garbage-first heap   total 159744K, used 127195K [0x00000000c0000000, 0x0000000100000000)
  region size 1024K, 28 young (28672K), 5 survivors (5120K)
 Metaspace       used 53983K, capacity 56323K, committed 56528K, reserved 1099776K
  class space    used 5442K, capacity 6258K, committed 6272K, reserved 1048576K
}

Deoptimization events (20 events):
Event: 65.630 Thread 0x0000029b58055800 DEOPT PACKING pc=0x0000029b4a3b2f08 sp=0x000000c2c18fd410
Event: 65.630 Thread 0x0000029b58055800 DEOPT UNPACKING pc=0x0000029b426d8329 sp=0x000000c2c18fd3c0 mode 2
Event: 65.630 Thread 0x0000029b58055800 Uncommon trap: trap_request=0xffffffbe fr.pc=0x0000029b4a3b2f08 relative=0x0000000000000728
Event: 65.631 Thread 0x0000029b58055800 Uncommon trap: reason=profile_predicate action=maybe_recompile pc=0x0000029b4a3b2f08 method=org.eclipse.jdt.internal.core.util.HashtableOfArrayToObject.getKey([Ljava/lang/Object;I)[Ljava/lang/Object; @ 61 c2
Event: 65.631 Thread 0x0000029b58055800 DEOPT PACKING pc=0x0000029b4a3b2f08 sp=0x000000c2c18fd450
Event: 65.631 Thread 0x0000029b58055800 DEOPT UNPACKING pc=0x0000029b426d8329 sp=0x000000c2c18fd400 mode 2
Event: 65.631 Thread 0x0000029b58055800 Uncommon trap: trap_request=0xffffffbe fr.pc=0x0000029b4a3b2f08 relative=0x0000000000000728
Event: 65.631 Thread 0x0000029b58055800 Uncommon trap: reason=profile_predicate action=maybe_recompile pc=0x0000029b4a3b2f08 method=org.eclipse.jdt.internal.core.util.HashtableOfArrayToObject.getKey([Ljava/lang/Object;I)[Ljava/lang/Object; @ 61 c2
Event: 65.631 Thread 0x0000029b58055800 DEOPT PACKING pc=0x0000029b4a3b2f08 sp=0x000000c2c18fd410
Event: 65.631 Thread 0x0000029b58055800 DEOPT UNPACKING pc=0x0000029b426d8329 sp=0x000000c2c18fd3c0 mode 2
Event: 65.657 Thread 0x0000029b58055800 Uncommon trap: trap_request=0xffffffbe fr.pc=0x0000029b4a3b2f08 relative=0x0000000000000728
Event: 65.657 Thread 0x0000029b58055800 Uncommon trap: reason=profile_predicate action=maybe_recompile pc=0x0000029b4a3b2f08 method=org.eclipse.jdt.internal.core.util.HashtableOfArrayToObject.getKey([Ljava/lang/Object;I)[Ljava/lang/Object; @ 61 c2
Event: 65.657 Thread 0x0000029b58055800 DEOPT PACKING pc=0x0000029b4a3b2f08 sp=0x000000c2c18fd410
Event: 65.657 Thread 0x0000029b58055800 DEOPT UNPACKING pc=0x0000029b426d8329 sp=0x000000c2c18fd3c0 mode 2
Event: 65.991 Thread 0x0000029b58055800 Uncommon trap: trap_request=0xffffff4d fr.pc=0x0000029b4a21bc10 relative=0x0000000000000a30
Event: 65.991 Thread 0x0000029b58055800 Uncommon trap: reason=unstable_if action=reinterpret pc=0x0000029b4a21bc10 method=java.util.zip.ZipFile$Source.getEntryPos([BZ)I @ 156 c2
Event: 65.991 Thread 0x0000029b58055800 DEOPT PACKING pc=0x0000029b4a21bc10 sp=0x000000c2c18fe1a0
Event: 65.991 Thread 0x0000029b58055800 DEOPT UNPACKING pc=0x0000029b426d8329 sp=0x000000c2c18fe140 mode 2
Event: 67.360 Thread 0x0000029b58055800 DEOPT PACKING pc=0x0000029b4390ba8b sp=0x000000c2c18fe140
Event: 67.360 Thread 0x0000029b58055800 DEOPT UNPACKING pc=0x0000029b426d813f sp=0x000000c2c18fd660 mode 0

Classes redefined (0 events):
No events

Internal exceptions (20 events):
Event: 55.828 Thread 0x0000029b5a2b6000 Exception <a 'sun/nio/fs/WindowsException'{0x00000000c4e49358}> (0x00000000c4e49358) thrown at [c:/cygwin64/tmp/openjdk-jdk11u-windows-x64-hotspot/workspace/build/src/src/hotspot/share/prims/jni.cpp, line 615]
Event: 55.837 Thread 0x0000029b5a2b6000 Exception <a 'sun/nio/fs/WindowsException'{0x00000000c4e4cd10}> (0x00000000c4e4cd10) thrown at [c:/cygwin64/tmp/openjdk-jdk11u-windows-x64-hotspot/workspace/build/src/src/hotspot/share/prims/jni.cpp, line 615]
Event: 55.845 Thread 0x0000029b5a2b6000 Exception <a 'sun/nio/fs/WindowsException'{0x00000000c4e502d8}> (0x00000000c4e502d8) thrown at [c:/cygwin64/tmp/openjdk-jdk11u-windows-x64-hotspot/workspace/build/src/src/hotspot/share/prims/jni.cpp, line 615]
Event: 55.855 Thread 0x0000029b5a2b6000 Exception <a 'sun/nio/fs/WindowsException'{0x00000000c4e537f8}> (0x00000000c4e537f8) thrown at [c:/cygwin64/tmp/openjdk-jdk11u-windows-x64-hotspot/workspace/build/src/src/hotspot/share/prims/jni.cpp, line 615]
Event: 55.868 Thread 0x0000029b5a2b6000 Exception <a 'sun/nio/fs/WindowsException'{0x00000000c4e5aa18}> (0x00000000c4e5aa18) thrown at [c:/cygwin64/tmp/openjdk-jdk11u-windows-x64-hotspot/workspace/build/src/src/hotspot/share/prims/jni.cpp, line 615]
Event: 55.893 Thread 0x0000029b5a2b6000 Exception <a 'sun/nio/fs/WindowsException'{0x00000000c4e670b8}> (0x00000000c4e670b8) thrown at [c:/cygwin64/tmp/openjdk-jdk11u-windows-x64-hotspot/workspace/build/src/src/hotspot/share/prims/jni.cpp, line 615]
Event: 55.905 Thread 0x0000029b5a2b6000 Exception <a 'java/io/FileNotFoundException'{0x00000000c4e6c978}> (0x00000000c4e6c978) thrown at [c:/cygwin64/tmp/openjdk-jdk11u-windows-x64-hotspot/workspace/build/src/src/hotspot/share/prims/jni.cpp, line 615]
Event: 55.924 Thread 0x0000029b5a2b6000 Exception <a 'java/io/FileNotFoundException'{0x00000000c4e7e360}> (0x00000000c4e7e360) thrown at [c:/cygwin64/tmp/openjdk-jdk11u-windows-x64-hotspot/workspace/build/src/src/hotspot/share/prims/jni.cpp, line 615]
Event: 55.930 Thread 0x0000029b5a2b6000 Exception <a 'sun/nio/fs/WindowsException'{0x00000000c4cb4008}> (0x00000000c4cb4008) thrown at [c:/cygwin64/tmp/openjdk-jdk11u-windows-x64-hotspot/workspace/build/src/src/hotspot/share/prims/jni.cpp, line 615]
Event: 55.968 Thread 0x0000029b5a2b6000 Exception <a 'sun/nio/fs/WindowsException'{0x00000000c4ccd958}> (0x00000000c4ccd958) thrown at [c:/cygwin64/tmp/openjdk-jdk11u-windows-x64-hotspot/workspace/build/src/src/hotspot/share/prims/jni.cpp, line 615]
Event: 56.005 Thread 0x0000029b5a2b6000 Exception <a 'sun/nio/fs/WindowsException'{0x00000000c4ce5008}> (0x00000000c4ce5008) thrown at [c:/cygwin64/tmp/openjdk-jdk11u-windows-x64-hotspot/workspace/build/src/src/hotspot/share/prims/jni.cpp, line 615]
Event: 58.445 Thread 0x0000029b5a2b6000 Exception <a 'sun/nio/fs/WindowsException'{0x00000000c546abb8}> (0x00000000c546abb8) thrown at [c:/cygwin64/tmp/openjdk-jdk11u-windows-x64-hotspot/workspace/build/src/src/hotspot/share/prims/jni.cpp, line 615]
Event: 58.945 Thread 0x0000029b5a3cf000 Exception <a 'sun/nio/fs/WindowsException'{0x00000000c50948a0}> (0x00000000c50948a0) thrown at [c:/cygwin64/tmp/openjdk-jdk11u-windows-x64-hotspot/workspace/build/src/src/hotspot/share/prims/jni.cpp, line 615]
Event: 59.042 Thread 0x0000029b5a3cf000 Exception <a 'sun/nio/fs/WindowsException'{0x00000000c4f15800}> (0x00000000c4f15800) thrown at [c:/cygwin64/tmp/openjdk-jdk11u-windows-x64-hotspot/workspace/build/src/src/hotspot/share/prims/jni.cpp, line 615]
Event: 59.176 Thread 0x0000029b58055800 Exception <a 'java/lang/NoSuchMethodError'{0x00000000c4c0af30}: 'java.lang.Object java.lang.invoke.DirectMethodHandle$Holder.invokeSpecial(java.lang.Object, java.lang.Object, java.lang.Object, java.lang.Object, java.lang.Object, java.lang.Object, java.lan
Event: 59.177 Thread 0x0000029b58055800 Exception <a 'java/lang/NoSuchMethodError'{0x00000000c4c0ee18}: 'java.lang.Object java.lang.invoke.Invokers$Holder.linkToTargetMethod(java.lang.Object, java.lang.Object, java.lang.Object, java.lang.Object, java.lang.Object, java.lang.Object, java.lang.Obj
Event: 59.266 Thread 0x0000029b5a3cf000 Exception <a 'java/lang/NoSuchMethodError'{0x00000000c4ea81d8}: 'java.lang.Object java.lang.invoke.DirectMethodHandle$Holder.invokeInterface(java.lang.Object, java.lang.Object, java.lang.Object)'> (0x00000000c4ea81d8) thrown at [c:/cygwin64/tmp/openjdk-jd
Event: 60.634 Thread 0x0000029b5a3d1800 Exception <a 'sun/nio/fs/WindowsException'{0x00000000c5411968}> (0x00000000c5411968) thrown at [c:/cygwin64/tmp/openjdk-jdk11u-windows-x64-hotspot/workspace/build/src/src/hotspot/share/prims/jni.cpp, line 615]
Event: 63.302 Thread 0x0000029b5a3cf000 Exception <a 'java/lang/ArrayIndexOutOfBoundsException'{0x00000000c6206220}> (0x00000000c6206220) thrown at [c:/cygwin64/tmp/openjdk-jdk11u-windows-x64-hotspot/workspace/build/src/src/hotspot/share/runtime/sharedRuntime.cpp, line 584]
Event: 64.865 Thread 0x0000029b5a3d0800 Exception <a 'java/lang/ClassNotFoundException'{0x00000000c85b0680}: sun/util/logging/resources/spi/loggingProvider> (0x00000000c85b0680) thrown at [c:/cygwin64/tmp/openjdk-jdk11u-windows-x64-hotspot/workspace/build/src/src/hotspot/share/classfile/systemD

Events (20 events):
Event: 65.233 loading class java/util/zip/GZIPInputStream$1 done
Event: 65.360 Executing VM operation: RevokeBias
Event: 65.366 Executing VM operation: RevokeBias done
Event: 65.368 Executing VM operation: RevokeBias
Event: 65.368 Executing VM operation: RevokeBias done
Event: 65.400 Executing VM operation: CGC_Operation
Event: 65.444 Executing VM operation: CGC_Operation done
Event: 65.479 Executing VM operation: RevokeBias
Event: 65.487 Executing VM operation: RevokeBias done
Event: 65.517 Executing VM operation: RevokeBias
Event: 65.518 Executing VM operation: RevokeBias done
Event: 65.619 Executing VM operation: CGC_Operation
Event: 65.621 Executing VM operation: CGC_Operation done
Event: 65.993 Executing VM operation: G1CollectForAllocation
Event: 66.203 Executing VM operation: G1CollectForAllocation done
Event: 66.666 Executing VM operation: G1CollectForAllocation
Event: 66.793 Executing VM operation: G1CollectForAllocation done
Event: 67.186 Executing VM operation: CGC_Operation
Event: 67.236 Executing VM operation: CGC_Operation done
Event: 67.373 Executing VM operation: G1CollectForAllocation


Dynamic libraries:
0x00007ff72da70000 - 0x00007ff72da7d000 	D:\jdk\bin\java.exe
0x00007ffc8afe0000 - 0x00007ffc8b1d0000 	C:\Windows\SYSTEM32\ntdll.dll
0x00007ffc89f90000 - 0x00007ffc8a042000 	C:\Windows\System32\KERNEL32.DLL
0x00007ffc881e0000 - 0x00007ffc88483000 	C:\Windows\System32\KERNELBASE.dll
0x00007ffc885e0000 - 0x00007ffc886da000 	C:\Windows\System32\ucrtbase.dll
0x00007ffc7c360000 - 0x00007ffc7c376000 	D:\jdk\bin\VCRUNTIME140.dll
0x00007ffc7ce20000 - 0x00007ffc7ce37000 	D:\jdk\bin\jli.dll
0x00007ffc8ae00000 - 0x00007ffc8af94000 	C:\Windows\System32\USER32.dll
0x00007ffc88490000 - 0x00007ffc884b1000 	C:\Windows\System32\win32u.dll
0x00007ffc751b0000 - 0x00007ffc75435000 	C:\Windows\WinSxS\amd64_microsoft.windows.common-controls_6595b64144ccf1df_6.0.18362.657_none_e6c5b579130e3898\COMCTL32.dll
0x00007ffc8a4f0000 - 0x00007ffc8a516000 	C:\Windows\System32\GDI32.dll
0x00007ffc8a7a0000 - 0x00007ffc8a83e000 	C:\Windows\System32\msvcrt.dll
0x00007ffc886e0000 - 0x00007ffc88874000 	C:\Windows\System32\gdi32full.dll
0x00007ffc88540000 - 0x00007ffc885de000 	C:\Windows\System32\msvcp_win.dll
0x00007ffc8a050000 - 0x00007ffc8a386000 	C:\Windows\System32\combase.dll
0x00007ffc89be0000 - 0x00007ffc89d00000 	C:\Windows\System32\RPCRT4.dll
0x00007ffc884c0000 - 0x00007ffc88540000 	C:\Windows\System32\bcryptPrimitives.dll
0x00007ffc89300000 - 0x00007ffc8932e000 	C:\Windows\System32\IMM32.DLL
0x00007ffc63f40000 - 0x00007ffc63fdb000 	D:\jdk\bin\msvcp140.dll
0x00007ffc56bf0000 - 0x00007ffc576ac000 	D:\jdk\bin\server\jvm.dll
0x00007ffc8a6f0000 - 0x00007ffc8a793000 	C:\Windows\System32\ADVAPI32.dll
0x00007ffc8ad60000 - 0x00007ffc8adf7000 	C:\Windows\System32\sechost.dll
0x00007ffc89090000 - 0x00007ffc89098000 	C:\Windows\System32\PSAPI.DLL
0x00007ffc83040000 - 0x00007ffc8304a000 	C:\Windows\SYSTEM32\VERSION.dll
0x00007ffc7a3b0000 - 0x00007ffc7a3b9000 	C:\Windows\SYSTEM32\WSOCK32.dll
0x00007ffc859d0000 - 0x00007ffc859f4000 	C:\Windows\SYSTEM32\WINMM.dll
0x00007ffc89b70000 - 0x00007ffc89bdf000 	C:\Windows\System32\WS2_32.dll
0x00007ffc859a0000 - 0x00007ffc859cd000 	C:\Windows\SYSTEM32\WINMMBASE.dll
0x00007ffc88170000 - 0x00007ffc881ba000 	C:\Windows\System32\cfgmgr32.dll
0x00007ffc87ee0000 - 0x00007ffc87ef1000 	C:\Windows\System32\kernel.appcore.dll
0x00007ffc846a0000 - 0x00007ffc846b0000 	D:\jdk\bin\verify.dll
0x00007ffc7d370000 - 0x00007ffc7d564000 	C:\Windows\SYSTEM32\DBGHELP.DLL
0x00007ffc769b0000 - 0x00007ffc769da000 	C:\Windows\SYSTEM32\dbgcore.DLL
0x00007ffc760b0000 - 0x00007ffc760d8000 	D:\jdk\bin\java.dll
0x00007ffc795f0000 - 0x00007ffc79607000 	D:\jdk\bin\zip.dll
0x00007ffc7e2d0000 - 0x00007ffc7e2da000 	D:\jdk\bin\jimage.dll
0x00007ffc89480000 - 0x00007ffc89b65000 	C:\Windows\System32\SHELL32.dll
0x00007ffc890a0000 - 0x00007ffc89149000 	C:\Windows\System32\shcore.dll
0x00007ffc88910000 - 0x00007ffc8908f000 	C:\Windows\System32\windows.storage.dll
0x00007ffc87f50000 - 0x00007ffc87f6f000 	C:\Windows\System32\profapi.dll
0x00007ffc87f00000 - 0x00007ffc87f4a000 	C:\Windows\System32\powrprof.dll
0x00007ffc87eb0000 - 0x00007ffc87ec0000 	C:\Windows\System32\UMPDC.dll
0x00007ffc89290000 - 0x00007ffc892e2000 	C:\Windows\System32\shlwapi.dll
0x00007ffc881c0000 - 0x00007ffc881d7000 	C:\Windows\System32\cryptsp.dll
0x00007ffc732d0000 - 0x00007ffc732e9000 	D:\jdk\bin\net.dll
0x00007ffc7dea0000 - 0x00007ffc7df90000 	C:\Windows\SYSTEM32\WINHTTP.dll
0x00007ffc876c0000 - 0x00007ffc87727000 	C:\Windows\system32\mswsock.dll
0x00007ffc72b80000 - 0x00007ffc72b92000 	D:\jdk\bin\nio.dll
0x00007ffc87230000 - 0x00007ffc87263000 	C:\Windows\system32\rsaenh.dll
0x00007ffc888e0000 - 0x00007ffc88906000 	C:\Windows\System32\bcrypt.dll
0x00007ffc87da0000 - 0x00007ffc87dc5000 	C:\Windows\SYSTEM32\USERENV.dll
0x00007ffc87890000 - 0x00007ffc8789c000 	C:\Windows\SYSTEM32\CRYPTBASE.dll
0x00007ffc873d0000 - 0x00007ffc8740a000 	C:\Windows\SYSTEM32\IPHLPAPI.DLL
0x00007ffc892f0000 - 0x00007ffc892f8000 	C:\Windows\System32\NSI.dll
0x00007ffc7dc90000 - 0x00007ffc7dca6000 	C:\Windows\SYSTEM32\dhcpcsvc6.DLL
0x00007ffc7dc70000 - 0x00007ffc7dc8c000 	C:\Windows\SYSTEM32\dhcpcsvc.DLL
0x00007ffc87410000 - 0x00007ffc874da000 	C:\Windows\SYSTEM32\DNSAPI.dll
0x00007ffc6e7e0000 - 0x00007ffc6e809000 	C:\Users\Taidgh\.vscode\extensions\redhat.java-0.57.0\server\config_win\org.eclipse.equinox.launcher\org.eclipse.equinox.launcher.win32.win32.x86_64_1.1.1100.v20190907-0426\eclipse_1902.dll
0x00007ffc70380000 - 0x00007ffc70391000 	C:\Users\Taidgh\.vscode\extensions\redhat.java-0.57.0\server\config_win\org.eclipse.osgi\20\0\.cp\jWinHttp-1.0.0.dll
0x00007ffc8a390000 - 0x00007ffc8a4e6000 	C:\Windows\System32\ole32.dll
0x00007ffc6e780000 - 0x00007ffc6e7a6000 	D:\jdk\bin\sunec.dll
0x00007ffc7cc20000 - 0x00007ffc7cc2a000 	C:\Windows\System32\rasadhlp.dll
0x00007ffc7de10000 - 0x00007ffc7de87000 	C:\Windows\System32\fwpuclnt.dll
0x00007ffc7e2b0000 - 0x00007ffc7e2bd000 	D:\jdk\bin\sunmscapi.dll
0x00007ffc87f70000 - 0x00007ffc880b9000 	C:\Windows\System32\CRYPT32.dll
0x00007ffc87ec0000 - 0x00007ffc87ed2000 	C:\Windows\System32\MSASN1.dll
0x00007ffc87990000 - 0x00007ffc879b6000 	C:\Windows\SYSTEM32\ncrypt.dll
0x00007ffc87950000 - 0x00007ffc8798b000 	C:\Windows\SYSTEM32\NTASN1.dll

dbghelp: loaded successfully - version: 4.0.5 - missing functions: none
symbol engine: initialized successfully - sym options: 0x614 - pdb path: .;D:\jdk\bin;C:\Windows\SYSTEM32;C:\Windows\WinSxS\amd64_microsoft.windows.common-controls_6595b64144ccf1df_6.0.18362.657_none_e6c5b579130e3898;D:\jdk\bin\server;C:\Users\Taidgh\.vscode\extensions\redhat.java-0.57.0\server\config_win\org.eclipse.equinox.launcher\org.eclipse.equinox.launcher.win32.win32.x86_64_1.1.1100.v20190907-0426;C:\Users\Taidgh\.vscode\extensions\redhat.java-0.57.0\server\config_win\org.eclipse.osgi\20\0\.cp

VM Arguments:
jvm_args: --add-modules=ALL-SYSTEM --add-opens=java.base/java.util=ALL-UNNAMED --add-opens=java.base/java.lang=ALL-UNNAMED -Declipse.application=org.eclipse.jdt.ls.core.id1 -Dosgi.bundles.defaultStartLevel=4 -Declipse.product=org.eclipse.jdt.ls.core.product -Dfile.encoding=utf8 -DwatchParentProcess=false -Xmx1G -XX:+UseG1GC -XX:+UseStringDeduplication -Xverify:none 
java_command: c:\Users\Taidgh\.vscode\extensions\redhat.java-0.57.0\server\plugins\org.eclipse.equinox.launcher_1.5.700.v20200207-2156.jar -configuration c:\Users\Taidgh\.vscode\extensions\redhat.java-0.57.0\server\config_win -data c:\Users\Taidgh\AppData\Roaming\Code\User\workspaceStorage\5e185759e8cb8ba87df55786e1b022b7\redhat.java\jdt_ws
java_class_path (initial): c:\Users\Taidgh\.vscode\extensions\redhat.java-0.57.0\server\plugins\org.eclipse.equinox.launcher_1.5.700.v20200207-2156.jar
Launcher Type: SUN_STANDARD

[Global flags]
     bool BytecodeVerificationLocal                = false                                     {product} {command line}
     bool BytecodeVerificationRemote               = false                                     {product} {command line}
     intx CICompilerCount                          = 3                                         {product} {ergonomic}
     uint ConcGCThreads                            = 1                                         {product} {ergonomic}
     uint G1ConcRefinementThreads                  = 4                                         {product} {ergonomic}
   size_t G1HeapRegionSize                         = 1048576                                   {product} {ergonomic}
    uintx GCDrainStackTargetSize                   = 64                                        {product} {ergonomic}
   size_t InitialHeapSize                          = 98566144                                  {product} {ergonomic}
   size_t MarkStackSize                            = 4194304                                   {product} {ergonomic}
   size_t MaxHeapSize                              = 1073741824                                {product} {command line}
   size_t MaxNewSize                               = 643825664                                 {product} {ergonomic}
   size_t MinHeapDeltaBytes                        = 1048576                                   {product} {ergonomic}
    uintx NonNMethodCodeHeapSize                   = 5830732                                {pd product} {ergonomic}
    uintx NonProfiledCodeHeapSize                  = 122913754                              {pd product} {ergonomic}
    uintx ProfiledCodeHeapSize                     = 122913754                              {pd product} {ergonomic}
    uintx ReservedCodeCacheSize                    = 251658240                              {pd product} {ergonomic}
     bool SegmentedCodeCache                       = true                                      {product} {ergonomic}
     bool UseCompressedClassPointers               = true                                 {lp64_product} {ergonomic}
     bool UseCompressedOops                        = true                                 {lp64_product} {ergonomic}
     bool UseG1GC                                  = true                                      {product} {command line}
     bool UseLargePagesIndividualAllocation        = false                                  {pd product} {ergonomic}
     bool UseStringDeduplication                   = true                                      {product} {command line}

Logging:
Log output configuration:
 #0: stdout all=warning uptime,level,tags
 #1: stderr all=off uptime,level,tags

Environment Variables:
PATH=D:\jdk\bin;C:\Python27\;C:\Python27\Scripts;C:\Windows\system32;C:\Windows;C:\Windows\System32\Wbem;C:\Windows\System32\WindowsPowerShell\v1.0\;C:\Windows\System32\OpenSSH\;C:\Program Files\PuTTY\;C:\Program Files\nodejs\;C:\ProgramData\chocolatey\bin;C:\Program Files (x86)\Microsoft SQL Server\150\DTS\Binn\;C:\Program Files\Git\cmd;C:\Users\Taidgh\AppData\Local\Programs\Python\Python37-32\Scripts\;C:\Users\Taidgh\AppData\Local\Programs\Python\Python37-32\;C:\Users\Taidgh\AppData\Local\Microsoft\WindowsApps;C:\Program Files\JetBrains\PyCharm Community Edition 2019.1.3\bin;C:\Users\Taidgh\AppData\Local\atom\bin;C:\Users\Taidgh\AppData\Local\Programs\Microsoft VS Code\bin;D:\Programming\IntelliJ IDEA Community Edition 2019.2.4\bin;;C:\Program Files\heroku\bin;C:\Users\Taidgh\AppData\Roaming\npm
USERNAME=Taidgh
OS=Windows_NT
PROCESSOR_IDENTIFIER=Intel64 Family 6 Model 92 Stepping 9, GenuineIntel



---------------  S Y S T E M  ---------------

OS: Windows 10 , 64 bit Build 18362 (10.0.18362.329)

CPU:total 4 (initial active 4) (4 cores per cpu, 1 threads per core) family 6 model 92 stepping 9, cmov, cx8, fxsr, mmx, sse, sse2, sse3, ssse3, sse4.1, sse4.2, popcnt, aes, clmul, erms, 3dnowpref, tsc, tscinvbit, sha

Memory: 4k page, system-wide physical 5976M (302M free)
TotalPageFile size 13348M (AvailPageFile size 97M)
current process WorkingSet (physical memory assigned to process): 299M, peak: 310M
current process commit charge ("private bytes"): 340M, peak: 488M

vm_info: OpenJDK 64-Bit Server VM (11.0.6+10) for windows-amd64 JRE (11.0.6+10), built on Jan 15 2020 06:14:58 by "" with MS VC++ 15.8 (VS2017)

END.
